20190121_200507 MAIN INFO - Simulation parameters
20190121_200507 MAIN INFO - Command line|['main.py', '../hl20190121', 'SERVERDEFLIFE', '500000', '275986375', '--ncopies=5', '--lifek=10000000', '--audit=10000', '--auditsegments=1', '--audittype=TOTAL', '--glitchfreq=0', '--glitchimpact=0', '--glitchdecay=0', '--glitchmaxlife=0', '--glitchspan=0', '--serverdefaultlife=30000', '--shockfreq=0', '--shockimpact=0', '--shockmaxlife=0', '--shockspan=0', '--shelfsize=1', '--ndocuments=20', '--smalldoc=50', '--pctsmall=100', '--shortlog', "--mongoid='e6f859f457a7565184c53dff4d1d1fe111db45e0_1965'"]|
20190121_200507 MAIN INFO - Usable CLI line|python2 main.py ../hl20190121 SERVERDEFLIFE 500000 275986375 --ncopies=5 --lifek=10000000 --audit=10000 --auditsegments=1 --audittype=TOTAL --glitchfreq=0 --glitchimpact=0 --glitchdecay=0 --glitchmaxlife=0 --glitchspan=0 --serverdefaultlife=30000 --shockfreq=0 --shockimpact=0 --shockmaxlife=0 --shockspan=0 --shelfsize=1 --ndocuments=20 --smalldoc=50 --pctsmall=100 --shortlog --mongoid='e6f859f457a7565184c53dff4d1d1fe111db45e0_1965'|
20190121_200507 PARAMS INFO - familydir|../hl20190121| specificdir|SERVERDEFLIFE|
20190121_200507 PARAMS INFO - RANDOM random seed|275986375| 
20190121_200507 PARAMS INFO - begin simulation timelimit|500000|hr=|50|metricyr defaultlimit|100000|hr=|10|metricyr
20190121_200507 PARAMS INFO - POLITE time|20|msec
20190121_200507 PARAMS INFO - LOG    logfile|-| loglevel|INFO|
20190121_200507 PARAMS INFO - TRACE  traceproduction|True|
20190121_200507 PARAMS INFO - CLIENT client|MIT| collection|Mags| quality|1| ndocs|10|
20190121_200507 PARAMS INFO - ALLCLIENTS nDocuments|20| override if nz
20190121_200507 PARAMS INFO - SERVER server|Desperate Backup 11| quality|1| shelfsize|1|TB
20190121_200507 PARAMS INFO - SERVER server|Desperate Backup 10| quality|1| shelfsize|1|TB
20190121_200507 PARAMS INFO - SERVER server|Desperate Backup 13| quality|1| shelfsize|1|TB
20190121_200508 PARAMS INFO - SERVER server|Desperate Backup 12| quality|1| shelfsize|1|TB
20190121_200508 PARAMS INFO - SERVER server|Desperate Backup 15| quality|1| shelfsize|1|TB
20190121_200508 PARAMS INFO - SERVER server|Desperate Backup 14| quality|1| shelfsize|1|TB
20190121_200508 PARAMS INFO - SERVER server|Desperate Backup 17| quality|1| shelfsize|1|TB
20190121_200508 PARAMS INFO - SERVER server|Desperate Backup 16| quality|1| shelfsize|1|TB
20190121_200508 PARAMS INFO - SERVER server|Desperate Backup 19| quality|1| shelfsize|1|TB
20190121_200508 PARAMS INFO - SERVER server|Desperate Backup 18| quality|1| shelfsize|1|TB
20190121_200508 PARAMS INFO - SERVER server|AWS Euro  Plus| quality|1| shelfsize|1|TB
20190121_200508 PARAMS INFO - SERVER server|Google Drive Plus| quality|1| shelfsize|1|TB
20190121_200508 PARAMS INFO - SERVER server|AWS Euro Vanilla| quality|1| shelfsize|1|TB
20190121_200508 PARAMS INFO - SERVER server|Desperate Backup 06| quality|1| shelfsize|1|TB
20190121_200508 PARAMS INFO - SERVER server|Desperate Backup 07| quality|1| shelfsize|1|TB
20190121_200508 PARAMS INFO - SERVER server|Desperate Backup 04| quality|1| shelfsize|1|TB
20190121_200508 PARAMS INFO - SERVER server|Desperate Backup 05| quality|1| shelfsize|1|TB
20190121_200508 PARAMS INFO - SERVER server|Desperate Backup 02| quality|1| shelfsize|1|TB
20190121_200508 PARAMS INFO - SERVER server|Desperate Backup 03| quality|1| shelfsize|1|TB
20190121_200508 PARAMS INFO - SERVER server|Desperate Backup 01| quality|1| shelfsize|1|TB
20190121_200508 PARAMS INFO - SERVER server|Yet Another 1| quality|1| shelfsize|1|TB
20190121_200508 PARAMS INFO - SERVER server|Desperate Backup 08| quality|1| shelfsize|1|TB
20190121_200508 PARAMS INFO - SERVER server|Desperate Backup 09| quality|1| shelfsize|1|TB
20190121_200508 PARAMS INFO - SERVER server|Google Drive Platinum| quality|1| shelfsize|1|TB
20190121_200508 PARAMS INFO - SERVER server|Very Desperate Backup 09| quality|1| shelfsize|1|TB
20190121_200508 PARAMS INFO - SERVER server|Very Desperate Backup 08| quality|1| shelfsize|1|TB
20190121_200508 PARAMS INFO - SERVER server|Very Desperate Backup 01| quality|1| shelfsize|1|TB
20190121_200508 PARAMS INFO - SERVER server|Very Desperate Backup 03| quality|1| shelfsize|1|TB
20190121_200508 PARAMS INFO - SERVER server|Very Desperate Backup 02| quality|1| shelfsize|1|TB
20190121_200508 PARAMS INFO - SERVER server|Very Desperate Backup 05| quality|1| shelfsize|1|TB
20190121_200508 PARAMS INFO - SERVER server|Very Desperate Backup 04| quality|1| shelfsize|1|TB
20190121_200508 PARAMS INFO - SERVER server|Very Desperate Backup 07| quality|1| shelfsize|1|TB
20190121_200508 PARAMS INFO - SERVER server|Very Desperate Backup 06| quality|1| shelfsize|1|TB
20190121_200508 PARAMS INFO - SERVER server|Amazon East Premium| quality|1| shelfsize|1|TB
20190121_200508 PARAMS INFO - SERVER server|Amazon West Plus| quality|1| shelfsize|1|TB
20190121_200508 PARAMS INFO - SERVER server|Desperate Backup 70| quality|1| shelfsize|1|TB
20190121_200508 PARAMS INFO - SERVER server|Amazon West| quality|1| shelfsize|1|TB
20190121_200508 PARAMS INFO - SERVER server|Amazon West Premium| quality|1| shelfsize|1|TB
20190121_200508 PARAMS INFO - SERVER server|Amazon East Super Duper| quality|1| shelfsize|1|TB
20190121_200508 PARAMS INFO - SERVER server|Google Drive Super Duper| quality|1| shelfsize|1|TB
20190121_200508 PARAMS INFO - SERVER server|Desperate Backup 60| quality|1| shelfsize|1|TB
20190121_200508 PARAMS INFO - SERVER server|Desperate Backup 61| quality|1| shelfsize|1|TB
20190121_200508 PARAMS INFO - SERVER server|Desperate Backup 62| quality|1| shelfsize|1|TB
20190121_200508 PARAMS INFO - SERVER server|Desperate Backup 63| quality|1| shelfsize|1|TB
20190121_200508 PARAMS INFO - SERVER server|Desperate Backup 64| quality|1| shelfsize|1|TB
20190121_200508 PARAMS INFO - SERVER server|Desperate Backup 65| quality|1| shelfsize|1|TB
20190121_200508 PARAMS INFO - SERVER server|Desperate Backup 66| quality|1| shelfsize|1|TB
20190121_200508 PARAMS INFO - SERVER server|Desperate Backup 67| quality|1| shelfsize|1|TB
20190121_200508 PARAMS INFO - SERVER server|Desperate Backup 68| quality|1| shelfsize|1|TB
20190121_200508 PARAMS INFO - SERVER server|Desperate Backup 69| quality|1| shelfsize|1|TB
20190121_200508 PARAMS INFO - SERVER server|AWS Euro  Super Duper| quality|1| shelfsize|1|TB
20190121_200508 PARAMS INFO - SERVER server|Google Drive Premium| quality|1| shelfsize|1|TB
20190121_200508 PARAMS INFO - SERVER server|AWS Euro  Premium| quality|1| shelfsize|1|TB
20190121_200508 PARAMS INFO - SERVER server|Amazon East Platinum| quality|1| shelfsize|1|TB
20190121_200508 PARAMS INFO - SERVER server|Very Desperate Backup 50| quality|1| shelfsize|1|TB
20190121_200508 PARAMS INFO - SERVER server|OneDrive  Super Duper| quality|1| shelfsize|1|TB
20190121_200508 PARAMS INFO - SERVER server|Amazon East Plus| quality|1| shelfsize|1|TB
20190121_200508 PARAMS INFO - SERVER server|Amazon West Platinum| quality|1| shelfsize|1|TB
20190121_200508 PARAMS INFO - SERVER server|Desperate Backup 55| quality|1| shelfsize|1|TB
20190121_200508 PARAMS INFO - SERVER server|Desperate Backup 54| quality|1| shelfsize|1|TB
20190121_200508 PARAMS INFO - SERVER server|Desperate Backup 57| quality|1| shelfsize|1|TB
20190121_200508 PARAMS INFO - SERVER server|Desperate Backup 56| quality|1| shelfsize|1|TB
20190121_200508 PARAMS INFO - SERVER server|Desperate Backup 51| quality|1| shelfsize|1|TB
20190121_200508 PARAMS INFO - SERVER server|Desperate Backup 50| quality|1| shelfsize|1|TB
20190121_200508 PARAMS INFO - SERVER server|Desperate Backup 53| quality|1| shelfsize|1|TB
20190121_200508 PARAMS INFO - SERVER server|Desperate Backup 52| quality|1| shelfsize|1|TB
20190121_200508 PARAMS INFO - SERVER server|Desperate Backup 59| quality|1| shelfsize|1|TB
20190121_200508 PARAMS INFO - SERVER server|Desperate Backup 58| quality|1| shelfsize|1|TB
20190121_200508 PARAMS INFO - SERVER server|AWS Euro  Platinum| quality|1| shelfsize|1|TB
20190121_200508 PARAMS INFO - SERVER server|OneDrive  Platinum| quality|1| shelfsize|1|TB
20190121_200508 PARAMS INFO - SERVER server|Google Drive| quality|1| shelfsize|1|TB
20190121_200508 PARAMS INFO - SERVER server|OneDrive  Plus| quality|1| shelfsize|1|TB
20190121_200508 PARAMS INFO - SERVER server|Amazon East| quality|1| shelfsize|1|TB
20190121_200508 PARAMS INFO - SERVER server|Very Desperate Backup 31| quality|1| shelfsize|1|TB
20190121_200508 PARAMS INFO - SERVER server|Very Desperate Backup 32| quality|1| shelfsize|1|TB
20190121_200508 PARAMS INFO - SERVER server|Very Desperate Backup 33| quality|1| shelfsize|1|TB
20190121_200508 PARAMS INFO - SERVER server|Very Desperate Backup 34| quality|1| shelfsize|1|TB
20190121_200508 PARAMS INFO - SERVER server|Very Desperate Backup 35| quality|1| shelfsize|1|TB
20190121_200508 PARAMS INFO - SERVER server|Very Desperate Backup 36| quality|1| shelfsize|1|TB
20190121_200508 PARAMS INFO - SERVER server|Very Desperate Backup 37| quality|1| shelfsize|1|TB
20190121_200508 PARAMS INFO - SERVER server|Very Desperate Backup 38| quality|1| shelfsize|1|TB
20190121_200508 PARAMS INFO - SERVER server|Very Desperate Backup 39| quality|1| shelfsize|1|TB
20190121_200508 PARAMS INFO - SERVER server|Very Desperate Backup 45| quality|1| shelfsize|1|TB
20190121_200508 PARAMS INFO - SERVER server|Very Desperate Backup 44| quality|1| shelfsize|1|TB
20190121_200508 PARAMS INFO - SERVER server|Very Desperate Backup 47| quality|1| shelfsize|1|TB
20190121_200508 PARAMS INFO - SERVER server|Very Desperate Backup 46| quality|1| shelfsize|1|TB
20190121_200508 PARAMS INFO - SERVER server|Very Desperate Backup 41| quality|1| shelfsize|1|TB
20190121_200508 PARAMS INFO - SERVER server|Very Desperate Backup 40| quality|1| shelfsize|1|TB
20190121_200508 PARAMS INFO - SERVER server|Very Desperate Backup 43| quality|1| shelfsize|1|TB
20190121_200508 PARAMS INFO - SERVER server|Very Desperate Backup 42| quality|1| shelfsize|1|TB
20190121_200508 PARAMS INFO - SERVER server|Very Desperate Backup 49| quality|1| shelfsize|1|TB
20190121_200508 PARAMS INFO - SERVER server|Very Desperate Backup 48| quality|1| shelfsize|1|TB
20190121_200508 PARAMS INFO - SERVER server|Desperate Backup 48| quality|1| shelfsize|1|TB
20190121_200508 PARAMS INFO - SERVER server|Desperate Backup 49| quality|1| shelfsize|1|TB
20190121_200508 PARAMS INFO - SERVER server|Desperate Backup 42| quality|1| shelfsize|1|TB
20190121_200508 PARAMS INFO - SERVER server|Desperate Backup 43| quality|1| shelfsize|1|TB
20190121_200508 PARAMS INFO - SERVER server|Desperate Backup 40| quality|1| shelfsize|1|TB
20190121_200508 PARAMS INFO - SERVER server|Desperate Backup 41| quality|1| shelfsize|1|TB
20190121_200508 PARAMS INFO - SERVER server|Desperate Backup 46| quality|1| shelfsize|1|TB
20190121_200508 PARAMS INFO - SERVER server|Desperate Backup 47| quality|1| shelfsize|1|TB
20190121_200508 PARAMS INFO - SERVER server|Desperate Backup 44| quality|1| shelfsize|1|TB
20190121_200508 PARAMS INFO - SERVER server|Desperate Backup 45| quality|1| shelfsize|1|TB
20190121_200508 PARAMS INFO - SERVER server|Very Desperate Backup 23| quality|1| shelfsize|1|TB
20190121_200508 PARAMS INFO - SERVER server|Very Desperate Backup 22| quality|1| shelfsize|1|TB
20190121_200508 PARAMS INFO - SERVER server|Very Desperate Backup 21| quality|1| shelfsize|1|TB
20190121_200508 PARAMS INFO - SERVER server|Very Desperate Backup 20| quality|1| shelfsize|1|TB
20190121_200508 PARAMS INFO - SERVER server|Very Desperate Backup 27| quality|1| shelfsize|1|TB
20190121_200508 PARAMS INFO - SERVER server|Very Desperate Backup 26| quality|1| shelfsize|1|TB
20190121_200508 PARAMS INFO - SERVER server|Very Desperate Backup 25| quality|1| shelfsize|1|TB
20190121_200508 PARAMS INFO - SERVER server|Very Desperate Backup 24| quality|1| shelfsize|1|TB
20190121_200508 PARAMS INFO - SERVER server|Very Desperate Backup 29| quality|1| shelfsize|1|TB
20190121_200508 PARAMS INFO - SERVER server|Very Desperate Backup 28| quality|1| shelfsize|1|TB
20190121_200508 PARAMS INFO - SERVER server|Yet Another 4| quality|1| shelfsize|1|TB
20190121_200508 PARAMS INFO - SERVER server|Yet Another 5| quality|1| shelfsize|1|TB
20190121_200508 PARAMS INFO - SERVER server|Yet Another 2| quality|1| shelfsize|1|TB
20190121_200508 PARAMS INFO - SERVER server|Yet Another 3| quality|1| shelfsize|1|TB
20190121_200508 PARAMS INFO - SERVER server|Desperate Backup 39| quality|1| shelfsize|1|TB
20190121_200508 PARAMS INFO - SERVER server|Desperate Backup 38| quality|1| shelfsize|1|TB
20190121_200508 PARAMS INFO - SERVER server|Desperate Backup 37| quality|1| shelfsize|1|TB
20190121_200508 PARAMS INFO - SERVER server|Desperate Backup 36| quality|1| shelfsize|1|TB
20190121_200508 PARAMS INFO - SERVER server|Desperate Backup 35| quality|1| shelfsize|1|TB
20190121_200508 PARAMS INFO - SERVER server|Desperate Backup 34| quality|1| shelfsize|1|TB
20190121_200508 PARAMS INFO - SERVER server|Desperate Backup 33| quality|1| shelfsize|1|TB
20190121_200508 PARAMS INFO - SERVER server|Desperate Backup 32| quality|1| shelfsize|1|TB
20190121_200508 PARAMS INFO - SERVER server|Desperate Backup 31| quality|1| shelfsize|1|TB
20190121_200508 PARAMS INFO - SERVER server|Desperate Backup 30| quality|1| shelfsize|1|TB
20190121_200508 PARAMS INFO - SERVER server|OneDrive Vanilla| quality|1| shelfsize|1|TB
20190121_200508 PARAMS INFO - SERVER server|OneDrive  Premium| quality|1| shelfsize|1|TB
20190121_200508 PARAMS INFO - SERVER server|Very Desperate Backup 16| quality|1| shelfsize|1|TB
20190121_200508 PARAMS INFO - SERVER server|Very Desperate Backup 17| quality|1| shelfsize|1|TB
20190121_200508 PARAMS INFO - SERVER server|Very Desperate Backup 14| quality|1| shelfsize|1|TB
20190121_200508 PARAMS INFO - SERVER server|Very Desperate Backup 15| quality|1| shelfsize|1|TB
20190121_200508 PARAMS INFO - SERVER server|Very Desperate Backup 12| quality|1| shelfsize|1|TB
20190121_200508 PARAMS INFO - SERVER server|Very Desperate Backup 13| quality|1| shelfsize|1|TB
20190121_200508 PARAMS INFO - SERVER server|Very Desperate Backup 10| quality|1| shelfsize|1|TB
20190121_200508 PARAMS INFO - SERVER server|Very Desperate Backup 11| quality|1| shelfsize|1|TB
20190121_200508 PARAMS INFO - SERVER server|Very Desperate Backup 18| quality|1| shelfsize|1|TB
20190121_200508 PARAMS INFO - SERVER server|Very Desperate Backup 19| quality|1| shelfsize|1|TB
20190121_200508 PARAMS INFO - SERVER server|Very Desperate Backup 30| quality|1| shelfsize|1|TB
20190121_200508 PARAMS INFO - SERVER server|Amazon West Super Duper| quality|1| shelfsize|1|TB
20190121_200508 PARAMS INFO - SERVER server|Desperate Backup 28| quality|1| shelfsize|1|TB
20190121_200508 PARAMS INFO - SERVER server|Desperate Backup 29| quality|1| shelfsize|1|TB
20190121_200508 PARAMS INFO - SERVER server|Desperate Backup 24| quality|1| shelfsize|1|TB
20190121_200508 PARAMS INFO - SERVER server|Desperate Backup 25| quality|1| shelfsize|1|TB
20190121_200508 PARAMS INFO - SERVER server|Desperate Backup 26| quality|1| shelfsize|1|TB
20190121_200508 PARAMS INFO - SERVER server|Desperate Backup 27| quality|1| shelfsize|1|TB
20190121_200508 PARAMS INFO - SERVER server|Desperate Backup 20| quality|1| shelfsize|1|TB
20190121_200508 PARAMS INFO - SERVER server|Desperate Backup 21| quality|1| shelfsize|1|TB
20190121_200508 PARAMS INFO - SERVER server|Desperate Backup 22| quality|1| shelfsize|1|TB
20190121_200508 PARAMS INFO - SERVER server|Desperate Backup 23| quality|1| shelfsize|1|TB
20190121_200508 PARAMS INFO - SERVER DefaultHalflife|30000|
20190121_200508 PARAMS INFO - SHELF quality|1| smallfailrate|10000000|Khr=|1140771|yr shelffailrate|100000000|Khr=|11407711|yr
20190121_200508 PARAMS INFO - SHELF quality|2| smallfailrate|10000000|Khr=|1140771|yr shelffailrate|200000000|Khr=|22815423|yr
20190121_200508 PARAMS INFO - SHELF quality|3| smallfailrate|10000000|Khr=|1140771|yr shelffailrate|400000000|Khr=|45630846|yr
20190121_200508 PARAMS INFO - SHELF quality|4| smallfailrate|10000000|Khr=|1140771|yr shelffailrate|800000000|Khr=|91261692|yr
20190121_200508 PARAMS INFO - SHELF quality|5| smallfailrate|10000000|Khr=|1140771|yr shelffailrate|1600000000|Khr=|182523385|yr
20190121_200508 PARAMS INFO - DISTRIBUTION value|1| quality|1| copies|5|
20190121_200508 PARAMS INFO - DISTRIBUTION value|2| quality|2| copies|4|
20190121_200508 PARAMS INFO - DISTRIBUTION value|3| quality|3| copies|3|
20190121_200508 PARAMS INFO - DISTRIBUTION value|4| quality|4| copies|2|
20190121_200508 PARAMS INFO - DISTRIBUTION value|5| quality|5| copies|1|
20190121_200508 PARAMS INFO - DOCUMENT value|1| percent|100| meanMB|50| sd|0|
20190121_200508 PARAMS INFO - DOCUMENT value|1| percent|0| meanMB|5000| sd|2000|
20190121_200508 PARAMS INFO - AUDIT interval hours|10000| segments|1| type|TOTAL| bandwidth Mbps|100|
20190121_200508 PARAMS INFO - GLITCH freq|0| impact|0| span|0| decay|0| maxlife|0| ignorelimit|0.050|
20190121_200508 PARAMS INFO - SHOCKS freq|0| impact|0| span|0| maxlife|0| type|2|
20190121_200508 MAIN INFO - created server|V1| quality|1| shelfsize|1|TB name|Desperate Backup 11| life|6791|
20190121_200508 MAIN INFO - created server|V2| quality|1| shelfsize|1|TB name|Desperate Backup 10| life|5259|
20190121_200508 MAIN INFO - created server|V3| quality|1| shelfsize|1|TB name|Desperate Backup 13| life|24546|
20190121_200508 MAIN INFO - created server|V4| quality|1| shelfsize|1|TB name|Desperate Backup 12| life|135301|
20190121_200508 MAIN INFO - created server|V5| quality|1| shelfsize|1|TB name|Desperate Backup 15| life|31809|
20190121_200508 MAIN INFO - created server|V6| quality|1| shelfsize|1|TB name|Desperate Backup 14| life|22374|
20190121_200508 MAIN INFO - created server|V7| quality|1| shelfsize|1|TB name|Desperate Backup 17| life|15728|
20190121_200508 MAIN INFO - created server|V8| quality|1| shelfsize|1|TB name|Desperate Backup 16| life|1146|
20190121_200508 MAIN INFO - created server|V9| quality|1| shelfsize|1|TB name|Desperate Backup 19| life|2454|
20190121_200508 MAIN INFO - created server|V10| quality|1| shelfsize|1|TB name|Desperate Backup 18| life|6356|
20190121_200508 MAIN INFO - created server|V11| quality|1| shelfsize|1|TB name|AWS Euro  Plus| life|104221|
20190121_200508 MAIN INFO - created server|V12| quality|1| shelfsize|1|TB name|Google Drive Plus| life|4290|
20190121_200508 MAIN INFO - created server|V13| quality|1| shelfsize|1|TB name|AWS Euro Vanilla| life|39533|
20190121_200508 MAIN INFO - created server|V14| quality|1| shelfsize|1|TB name|Desperate Backup 06| life|27975|
20190121_200508 MAIN INFO - created server|V15| quality|1| shelfsize|1|TB name|Desperate Backup 07| life|3422|
20190121_200508 MAIN INFO - created server|V16| quality|1| shelfsize|1|TB name|Desperate Backup 04| life|6864|
20190121_200508 MAIN INFO - created server|V17| quality|1| shelfsize|1|TB name|Desperate Backup 05| life|29983|
20190121_200508 MAIN INFO - created server|V18| quality|1| shelfsize|1|TB name|Desperate Backup 02| life|40640|
20190121_200508 MAIN INFO - created server|V19| quality|1| shelfsize|1|TB name|Desperate Backup 03| life|1323|
20190121_200508 MAIN INFO - created server|V20| quality|1| shelfsize|1|TB name|Desperate Backup 01| life|53775|
20190121_200508 MAIN INFO - created server|V21| quality|1| shelfsize|1|TB name|Yet Another 1| life|9759|
20190121_200508 MAIN INFO - created server|V22| quality|1| shelfsize|1|TB name|Desperate Backup 08| life|24773|
20190121_200508 MAIN INFO - created server|V23| quality|1| shelfsize|1|TB name|Desperate Backup 09| life|31025|
20190121_200508 MAIN INFO - created server|V24| quality|1| shelfsize|1|TB name|Google Drive Platinum| life|99094|
20190121_200508 MAIN INFO - created server|V25| quality|1| shelfsize|1|TB name|Very Desperate Backup 09| life|396|
20190121_200508 MAIN INFO - created server|V26| quality|1| shelfsize|1|TB name|Very Desperate Backup 08| life|54940|
20190121_200508 MAIN INFO - created server|V27| quality|1| shelfsize|1|TB name|Very Desperate Backup 01| life|53625|
20190121_200508 MAIN INFO - created server|V28| quality|1| shelfsize|1|TB name|Very Desperate Backup 03| life|6177|
20190121_200508 MAIN INFO - created server|V29| quality|1| shelfsize|1|TB name|Very Desperate Backup 02| life|30219|
20190121_200508 MAIN INFO - created server|V30| quality|1| shelfsize|1|TB name|Very Desperate Backup 05| life|126028|
20190121_200508 MAIN INFO - created server|V31| quality|1| shelfsize|1|TB name|Very Desperate Backup 04| life|76476|
20190121_200508 MAIN INFO - created server|V32| quality|1| shelfsize|1|TB name|Very Desperate Backup 07| life|42671|
20190121_200508 MAIN INFO - created server|V33| quality|1| shelfsize|1|TB name|Very Desperate Backup 06| life|67998|
20190121_200508 MAIN INFO - created server|V34| quality|1| shelfsize|1|TB name|Amazon East Premium| life|57658|
20190121_200508 MAIN INFO - created server|V35| quality|1| shelfsize|1|TB name|Amazon West Plus| life|3235|
20190121_200508 MAIN INFO - created server|V36| quality|1| shelfsize|1|TB name|Desperate Backup 70| life|554|
20190121_200508 MAIN INFO - created server|V37| quality|1| shelfsize|1|TB name|Amazon West| life|13222|
20190121_200508 MAIN INFO - created server|V38| quality|1| shelfsize|1|TB name|Amazon West Premium| life|113130|
20190121_200508 MAIN INFO - created server|V39| quality|1| shelfsize|1|TB name|Amazon East Super Duper| life|2577|
20190121_200508 MAIN INFO - created server|V40| quality|1| shelfsize|1|TB name|Google Drive Super Duper| life|2545|
20190121_200508 MAIN INFO - created server|V41| quality|1| shelfsize|1|TB name|Desperate Backup 60| life|190281|
20190121_200508 MAIN INFO - created server|V42| quality|1| shelfsize|1|TB name|Desperate Backup 61| life|128268|
20190121_200508 MAIN INFO - created server|V43| quality|1| shelfsize|1|TB name|Desperate Backup 62| life|55731|
20190121_200508 MAIN INFO - created server|V44| quality|1| shelfsize|1|TB name|Desperate Backup 63| life|49956|
20190121_200508 MAIN INFO - created server|V45| quality|1| shelfsize|1|TB name|Desperate Backup 64| life|13918|
20190121_200508 MAIN INFO - created server|V46| quality|1| shelfsize|1|TB name|Desperate Backup 65| life|73527|
20190121_200508 MAIN INFO - created server|V47| quality|1| shelfsize|1|TB name|Desperate Backup 66| life|99889|
20190121_200508 MAIN INFO - created server|V48| quality|1| shelfsize|1|TB name|Desperate Backup 67| life|82122|
20190121_200508 MAIN INFO - created server|V49| quality|1| shelfsize|1|TB name|Desperate Backup 68| life|19701|
20190121_200508 MAIN INFO - created server|V50| quality|1| shelfsize|1|TB name|Desperate Backup 69| life|56667|
20190121_200508 MAIN INFO - created server|V51| quality|1| shelfsize|1|TB name|AWS Euro  Super Duper| life|967|
20190121_200508 MAIN INFO - created server|V52| quality|1| shelfsize|1|TB name|Google Drive Premium| life|44450|
20190121_200508 MAIN INFO - created server|V53| quality|1| shelfsize|1|TB name|AWS Euro  Premium| life|28610|
20190121_200508 MAIN INFO - created server|V54| quality|1| shelfsize|1|TB name|Amazon East Platinum| life|16338|
20190121_200508 MAIN INFO - created server|V55| quality|1| shelfsize|1|TB name|Very Desperate Backup 50| life|27892|
20190121_200508 MAIN INFO - created server|V56| quality|1| shelfsize|1|TB name|OneDrive  Super Duper| life|16030|
20190121_200508 MAIN INFO - created server|V57| quality|1| shelfsize|1|TB name|Amazon East Plus| life|8651|
20190121_200508 MAIN INFO - created server|V58| quality|1| shelfsize|1|TB name|Amazon West Platinum| life|8992|
20190121_200508 MAIN INFO - created server|V59| quality|1| shelfsize|1|TB name|Desperate Backup 55| life|61085|
20190121_200508 MAIN INFO - created server|V60| quality|1| shelfsize|1|TB name|Desperate Backup 54| life|7532|
20190121_200508 MAIN INFO - created server|V61| quality|1| shelfsize|1|TB name|Desperate Backup 57| life|51917|
20190121_200508 MAIN INFO - created server|V62| quality|1| shelfsize|1|TB name|Desperate Backup 56| life|95166|
20190121_200508 MAIN INFO - created server|V63| quality|1| shelfsize|1|TB name|Desperate Backup 51| life|67283|
20190121_200508 MAIN INFO - created server|V64| quality|1| shelfsize|1|TB name|Desperate Backup 50| life|3488|
20190121_200508 MAIN INFO - created server|V65| quality|1| shelfsize|1|TB name|Desperate Backup 53| life|79254|
20190121_200508 MAIN INFO - created server|V66| quality|1| shelfsize|1|TB name|Desperate Backup 52| life|17987|
20190121_200508 MAIN INFO - created server|V67| quality|1| shelfsize|1|TB name|Desperate Backup 59| life|137589|
20190121_200508 MAIN INFO - created server|V68| quality|1| shelfsize|1|TB name|Desperate Backup 58| life|81078|
20190121_200508 MAIN INFO - created server|V69| quality|1| shelfsize|1|TB name|AWS Euro  Platinum| life|55803|
20190121_200508 MAIN INFO - created server|V70| quality|1| shelfsize|1|TB name|OneDrive  Platinum| life|18572|
20190121_200508 MAIN INFO - created server|V71| quality|1| shelfsize|1|TB name|Google Drive| life|71391|
20190121_200508 MAIN INFO - created server|V72| quality|1| shelfsize|1|TB name|OneDrive  Plus| life|6139|
20190121_200508 MAIN INFO - created server|V73| quality|1| shelfsize|1|TB name|Amazon East| life|18522|
20190121_200508 MAIN INFO - created server|V74| quality|1| shelfsize|1|TB name|Very Desperate Backup 31| life|6951|
20190121_200508 MAIN INFO - created server|V75| quality|1| shelfsize|1|TB name|Very Desperate Backup 32| life|99658|
20190121_200508 MAIN INFO - created server|V76| quality|1| shelfsize|1|TB name|Very Desperate Backup 33| life|56840|
20190121_200508 MAIN INFO - created server|V77| quality|1| shelfsize|1|TB name|Very Desperate Backup 34| life|61719|
20190121_200508 MAIN INFO - created server|V78| quality|1| shelfsize|1|TB name|Very Desperate Backup 35| life|5128|
20190121_200508 MAIN INFO - created server|V79| quality|1| shelfsize|1|TB name|Very Desperate Backup 36| life|23565|
20190121_200508 MAIN INFO - created server|V80| quality|1| shelfsize|1|TB name|Very Desperate Backup 37| life|47189|
20190121_200508 MAIN INFO - created server|V81| quality|1| shelfsize|1|TB name|Very Desperate Backup 38| life|75519|
20190121_200508 MAIN INFO - created server|V82| quality|1| shelfsize|1|TB name|Very Desperate Backup 39| life|27193|
20190121_200508 MAIN INFO - created server|V83| quality|1| shelfsize|1|TB name|Very Desperate Backup 45| life|5079|
20190121_200508 MAIN INFO - created server|V84| quality|1| shelfsize|1|TB name|Very Desperate Backup 44| life|92552|
20190121_200508 MAIN INFO - created server|V85| quality|1| shelfsize|1|TB name|Very Desperate Backup 47| life|41787|
20190121_200508 MAIN INFO - created server|V86| quality|1| shelfsize|1|TB name|Very Desperate Backup 46| life|15336|
20190121_200508 MAIN INFO - created server|V87| quality|1| shelfsize|1|TB name|Very Desperate Backup 41| life|7904|
20190121_200508 MAIN INFO - created server|V88| quality|1| shelfsize|1|TB name|Very Desperate Backup 40| life|17586|
20190121_200508 MAIN INFO - created server|V89| quality|1| shelfsize|1|TB name|Very Desperate Backup 43| life|1508|
20190121_200508 MAIN INFO - created server|V90| quality|1| shelfsize|1|TB name|Very Desperate Backup 42| life|8528|
20190121_200508 MAIN INFO - created server|V91| quality|1| shelfsize|1|TB name|Very Desperate Backup 49| life|9553|
20190121_200508 MAIN INFO - created server|V92| quality|1| shelfsize|1|TB name|Very Desperate Backup 48| life|51965|
20190121_200508 MAIN INFO - created server|V93| quality|1| shelfsize|1|TB name|Desperate Backup 48| life|99412|
20190121_200508 MAIN INFO - created server|V94| quality|1| shelfsize|1|TB name|Desperate Backup 49| life|11888|
20190121_200508 MAIN INFO - created server|V95| quality|1| shelfsize|1|TB name|Desperate Backup 42| life|75593|
20190121_200508 MAIN INFO - created server|V96| quality|1| shelfsize|1|TB name|Desperate Backup 43| life|26975|
20190121_200508 MAIN INFO - created server|V97| quality|1| shelfsize|1|TB name|Desperate Backup 40| life|155271|
20190121_200508 MAIN INFO - created server|V98| quality|1| shelfsize|1|TB name|Desperate Backup 41| life|3609|
20190121_200508 MAIN INFO - created server|V99| quality|1| shelfsize|1|TB name|Desperate Backup 46| life|50170|
20190121_200508 MAIN INFO - created server|V100| quality|1| shelfsize|1|TB name|Desperate Backup 47| life|53178|
20190121_200508 MAIN INFO - created server|V101| quality|1| shelfsize|1|TB name|Desperate Backup 44| life|29765|
20190121_200508 MAIN INFO - created server|V102| quality|1| shelfsize|1|TB name|Desperate Backup 45| life|48633|
20190121_200508 MAIN INFO - created server|V103| quality|1| shelfsize|1|TB name|Very Desperate Backup 23| life|14238|
20190121_200508 MAIN INFO - created server|V104| quality|1| shelfsize|1|TB name|Very Desperate Backup 22| life|234762|
20190121_200508 MAIN INFO - created server|V105| quality|1| shelfsize|1|TB name|Very Desperate Backup 21| life|197737|
20190121_200508 MAIN INFO - created server|V106| quality|1| shelfsize|1|TB name|Very Desperate Backup 20| life|34007|
20190121_200508 MAIN INFO - created server|V107| quality|1| shelfsize|1|TB name|Very Desperate Backup 27| life|22020|
20190121_200508 MAIN INFO - created server|V108| quality|1| shelfsize|1|TB name|Very Desperate Backup 26| life|58573|
20190121_200508 MAIN INFO - created server|V109| quality|1| shelfsize|1|TB name|Very Desperate Backup 25| life|56089|
20190121_200508 MAIN INFO - created server|V110| quality|1| shelfsize|1|TB name|Very Desperate Backup 24| life|60789|
20190121_200508 MAIN INFO - created server|V111| quality|1| shelfsize|1|TB name|Very Desperate Backup 29| life|85026|
20190121_200508 MAIN INFO - created server|V112| quality|1| shelfsize|1|TB name|Very Desperate Backup 28| life|14990|
20190121_200508 MAIN INFO - created server|V113| quality|1| shelfsize|1|TB name|Yet Another 4| life|70311|
20190121_200508 MAIN INFO - created server|V114| quality|1| shelfsize|1|TB name|Yet Another 5| life|107813|
20190121_200508 MAIN INFO - created server|V115| quality|1| shelfsize|1|TB name|Yet Another 2| life|2296|
20190121_200508 MAIN INFO - created server|V116| quality|1| shelfsize|1|TB name|Yet Another 3| life|17672|
20190121_200508 MAIN INFO - created server|V117| quality|1| shelfsize|1|TB name|Desperate Backup 39| life|1963|
20190121_200508 MAIN INFO - created server|V118| quality|1| shelfsize|1|TB name|Desperate Backup 38| life|48871|
20190121_200508 MAIN INFO - created server|V119| quality|1| shelfsize|1|TB name|Desperate Backup 37| life|7595|
20190121_200508 MAIN INFO - created server|V120| quality|1| shelfsize|1|TB name|Desperate Backup 36| life|14119|
20190121_200508 MAIN INFO - created server|V121| quality|1| shelfsize|1|TB name|Desperate Backup 35| life|5948|
20190121_200508 MAIN INFO - created server|V122| quality|1| shelfsize|1|TB name|Desperate Backup 34| life|11793|
20190121_200508 MAIN INFO - created server|V123| quality|1| shelfsize|1|TB name|Desperate Backup 33| life|89042|
20190121_200508 MAIN INFO - created server|V124| quality|1| shelfsize|1|TB name|Desperate Backup 32| life|25416|
20190121_200508 MAIN INFO - created server|V125| quality|1| shelfsize|1|TB name|Desperate Backup 31| life|27716|
20190121_200508 MAIN INFO - created server|V126| quality|1| shelfsize|1|TB name|Desperate Backup 30| life|25779|
20190121_200508 MAIN INFO - created server|V127| quality|1| shelfsize|1|TB name|OneDrive Vanilla| life|64832|
20190121_200508 MAIN INFO - created server|V128| quality|1| shelfsize|1|TB name|OneDrive  Premium| life|5151|
20190121_200508 MAIN INFO - created server|V129| quality|1| shelfsize|1|TB name|Very Desperate Backup 16| life|50659|
20190121_200508 MAIN INFO - created server|V130| quality|1| shelfsize|1|TB name|Very Desperate Backup 17| life|7310|
20190121_200508 MAIN INFO - created server|V131| quality|1| shelfsize|1|TB name|Very Desperate Backup 14| life|287599|
20190121_200508 MAIN INFO - created server|V132| quality|1| shelfsize|1|TB name|Very Desperate Backup 15| life|5883|
20190121_200508 MAIN INFO - created server|V133| quality|1| shelfsize|1|TB name|Very Desperate Backup 12| life|20132|
20190121_200508 MAIN INFO - created server|V134| quality|1| shelfsize|1|TB name|Very Desperate Backup 13| life|21681|
20190121_200508 MAIN INFO - created server|V135| quality|1| shelfsize|1|TB name|Very Desperate Backup 10| life|1711|
20190121_200508 MAIN INFO - created server|V136| quality|1| shelfsize|1|TB name|Very Desperate Backup 11| life|9206|
20190121_200508 MAIN INFO - created server|V137| quality|1| shelfsize|1|TB name|Very Desperate Backup 18| life|66469|
20190121_200508 MAIN INFO - created server|V138| quality|1| shelfsize|1|TB name|Very Desperate Backup 19| life|145897|
20190121_200508 MAIN INFO - created server|V139| quality|1| shelfsize|1|TB name|Very Desperate Backup 30| life|54229|
20190121_200508 MAIN INFO - created server|V140| quality|1| shelfsize|1|TB name|Amazon West Super Duper| life|1676|
20190121_200508 MAIN INFO - created server|V141| quality|1| shelfsize|1|TB name|Desperate Backup 28| life|161501|
20190121_200508 MAIN INFO - created server|V142| quality|1| shelfsize|1|TB name|Desperate Backup 29| life|9812|
20190121_200508 MAIN INFO - created server|V143| quality|1| shelfsize|1|TB name|Desperate Backup 24| life|210296|
20190121_200508 MAIN INFO - created server|V144| quality|1| shelfsize|1|TB name|Desperate Backup 25| life|45258|
20190121_200508 MAIN INFO - created server|V145| quality|1| shelfsize|1|TB name|Desperate Backup 26| life|1579|
20190121_200508 MAIN INFO - created server|V146| quality|1| shelfsize|1|TB name|Desperate Backup 27| life|38132|
20190121_200508 MAIN INFO - created server|V147| quality|1| shelfsize|1|TB name|Desperate Backup 20| life|14062|
20190121_200508 MAIN INFO - created server|V148| quality|1| shelfsize|1|TB name|Desperate Backup 21| life|32918|
20190121_200508 MAIN INFO - created server|V149| quality|1| shelfsize|1|TB name|Desperate Backup 22| life|116895|
20190121_200508 MAIN INFO - created server|V150| quality|1| shelfsize|1|TB name|Desperate Backup 23| life|245255|
20190121_200508 SERVER INFO - server |V1| created storage shelf|H01| quality|1| size|1|TB svrlifespan|6791| svrlife|6791|
20190121_200508 CLIENT INFO - client|T1| placed collection|C1| to server|V1|
20190121_200508 SERVER INFO - server |V2| created storage shelf|H02| quality|1| size|1|TB svrlifespan|5259| svrlife|5259|
20190121_200508 CLIENT INFO - client|T1| placed collection|C1| to server|V2|
20190121_200508 SERVER INFO - server |V3| created storage shelf|H03| quality|1| size|1|TB svrlifespan|24546| svrlife|24546|
20190121_200508 CLIENT INFO - client|T1| placed collection|C1| to server|V3|
20190121_200508 SERVER INFO - server |V4| created storage shelf|H04| quality|1| size|1|TB svrlifespan|135301| svrlife|135301|
20190121_200508 CLIENT INFO - client|T1| placed collection|C1| to server|V4|
20190121_200508 SERVER INFO - server |V5| created storage shelf|H05| quality|1| size|1|TB svrlifespan|31809| svrlife|31809|
20190121_200508 CLIENT INFO - client|T1| placed collection|C1| to server|V5|
20190121_200508 MAIN INFO - created client|T1|
20190121_200508 MAIN INFO - SERVERUSE shelf|V1-H01| qual|1| sectorexpolife|14426950| size|1000000| hiwater|1001| currentuse|1000| full%|0|
20190121_200508 MAIN INFO - SERVERUSE shelf|V2-H02| qual|1| sectorexpolife|14426950| size|1000000| hiwater|1001| currentuse|1000| full%|0|
20190121_200508 MAIN INFO - SERVERUSE shelf|V3-H03| qual|1| sectorexpolife|14426950| size|1000000| hiwater|1001| currentuse|1000| full%|0|
20190121_200508 MAIN INFO - SERVERUSE shelf|V4-H04| qual|1| sectorexpolife|14426950| size|1000000| hiwater|1001| currentuse|1000| full%|0|
20190121_200508 MAIN INFO - SERVERUSE shelf|V5-H05| qual|1| sectorexpolife|14426950| size|1000000| hiwater|1001| currentuse|1000| full%|0|
20190121_200508 MAIN INFO - begin run
Traceback (most recent call last):
  File "/home/ubuntu/working/shelf/shelf.py", line 399, in mAge_shelf
    % (G.env.now,self.sServerID,self.ID,len(self.lCopyIDs)))
ValueError: unsupported format character 'q' (0x71) at index 28

The above exception was the direct cause of the following exception:

Traceback (most recent call last):
  File "main.py", line 338, in <module>
    mainmain()
  File "main.py", line 308, in mainmain
    main()
  File "main.py", line 278, in main
    env.run(until=G.nSimLength)
  File "/home/ubuntu/shelfenv/local/lib/python2.7/site-packages/simpy/core.py", line 138, in run
    self.step()
  File "/home/ubuntu/shelfenv/local/lib/python2.7/site-packages/simpy/core.py", line 230, in step
    raise exc
ValueError: unsupported format character 'q' (0x71) at index 28
20190121_200507.974 0 MAIN  proc Document Preservation simulation 
20190121_200508.045 0 MAIN  proc Begin run time|0|
