-------------------
20190121_232022.654  $ date +%Y%m%d_%H%M%S.%3N
20190121_232022.659  20190121_232022.658
-------------------
20190121_232022.659  $ bash --version
20190121_232022.664  GNU bash, version 4.3.11(1)-release (x86_64-pc-linux-gnu)
                     Copyright (C) 2013 Free Software Foundation, Inc.
                     License GPLv3+: GNU GPL version 3 or later <http://gnu.org/licenses/gpl.html>
                     
                     This is free software; you are free to change and redistribute it.
                     There is NO WARRANTY, to the extent permitted by law.
-------------------
20190121_232022.664  $ python3 -V
20190121_232022.671  Python 3.4.3
-------------------
20190121_232022.672  $ python2 -c 'import sys; print(sys.version); print(sys.version_info)'
20190121_232022.687  2.7.6 (default, Oct 26 2016, 20:30:19) 
                     [GCC 4.8.4]
                     sys.version_info(major=2, minor=7, micro=6, releaselevel='final', serial=0)
-------------------
20190121_232022.688  $ python3 -c 'import sys; print(sys.version); print(sys.version_info)'
20190121_232022.719  3.4.3 (default, Nov 12 2018, 22:25:49) 
                     [GCC 4.8.4]
                     sys.version_info(major=3, minor=4, micro=3, releaselevel='final', serial=0)
-------------------
20190121_232022.720  $ (export TRACE_LEVEL=0; export TRACE_PRODUCTION=YES; unset TRACE_FACIL; unset TRACE_TARGET; unset DEBUG; python2 main.py ../hl20190121 SERVERDEFLIFE 500000 275986375 --ncopies=5 --lifek=10000000 --audit=10000 --auditsegments=1 --audittype=TOTAL --glitchfreq=0 --glitchimpact=0 --glitchdecay=0 --glitchmaxlife=0 --glitchspan=0 --serverdefaultlife=30000 --shockfreq=0 --shockimpact=0 --shockmaxlife=0 --shockspan=0 --shelfsize=1 --ndocuments=20 --smalldoc=50 --pctsmall=100 --shortlog --mongoid=\'6e8170d8a3a02a3ce80bff7a010e0ff01798e27c_1965\'  >  ../hl20190121/SERVERDEFLIFE/log/doc50cop5shlf1lif10000_af10000s1tTOTAL_gf0i0d0m0_sh0i0s0m0_svrdeflif30000simlen500000_seed275986375.log  2>&1)
20190121_232022.981  
-------------------
20190121_232022.981  $ date +%Y%m%d_%H%M%S.%3N
20190121_232022.985  20190121_232022.985
-------------------
20190121_232022.985  $ (howlong=100; while [ $howlong -gt 0 ]; do howlong=$(expr $howlong - 1); if [ $(tail -3 ../hl20190121/SERVERDEFLIFE/log/doc50cop5shlf1lif10000_af10000s1tTOTAL_gf0i0d0m0_sh0i0s0m0_svrdeflif30000simlen500000_seed275986375.log | grep "ENDENDEND" | wc -l) -eq 0 ]; then echo "sleeping $howlong"; sleep 0.100; else sleep 0.010; break; fi; done )
20190121_232033.329  sleeping 99
                     sleeping 98
                     sleeping 97
                     sleeping 96
                     sleeping 95
                     sleeping 94
                     sleeping 93
                     sleeping 92
                     sleeping 91
                     sleeping 90
                     sleeping 89
                     sleeping 88
                     sleeping 87
                     sleeping 86
                     sleeping 85
                     sleeping 84
                     sleeping 83
                     sleeping 82
                     sleeping 81
                     sleeping 80
                     sleeping 79
                     sleeping 78
                     sleeping 77
                     sleeping 76
                     sleeping 75
                     sleeping 74
                     sleeping 73
                     sleeping 72
                     sleeping 71
                     sleeping 70
                     sleeping 69
                     sleeping 68
                     sleeping 67
                     sleeping 66
                     sleeping 65
                     sleeping 64
                     sleeping 63
                     sleeping 62
                     sleeping 61
                     sleeping 60
                     sleeping 59
                     sleeping 58
                     sleeping 57
                     sleeping 56
                     sleeping 55
                     sleeping 54
                     sleeping 53
                     sleeping 52
                     sleeping 51
                     sleeping 50
                     sleeping 49
                     sleeping 48
                     sleeping 47
                     sleeping 46
                     sleeping 45
                     sleeping 44
                     sleeping 43
                     sleeping 42
                     sleeping 41
                     sleeping 40
                     sleeping 39
                     sleeping 38
                     sleeping 37
                     sleeping 36
                     sleeping 35
                     sleeping 34
                     sleeping 33
                     sleeping 32
                     sleeping 31
                     sleeping 30
                     sleeping 29
                     sleeping 28
                     sleeping 27
                     sleeping 26
                     sleeping 25
                     sleeping 24
                     sleeping 23
                     sleeping 22
                     sleeping 21
                     sleeping 20
                     sleeping 19
                     sleeping 18
                     sleeping 17
                     sleeping 16
                     sleeping 15
                     sleeping 14
                     sleeping 13
                     sleeping 12
                     sleeping 11
                     sleeping 10
                     sleeping 9
                     sleeping 8
                     sleeping 7
                     sleeping 6
                     sleeping 5
                     sleeping 4
                     sleeping 3
                     sleeping 2
                     sleeping 1
                     sleeping 0
-------------------
20190121_232033.331  $ date +%Y%m%d_%H%M%S.%3N
20190121_232033.336  20190121_232033.335
-------------------
20190121_232033.336  $ (export TRACE_LEVEL=0; export TRACE_PRODUCTION=YES; unset TRACE_FACIL; unset TRACE_TARGET; python2 extractvalues2.py --header --separator=' ' hl-extractinstructions.txt ../hl20190121/SERVERDEFLIFE/log/doc50cop5shlf1lif10000_af10000s1tTOTAL_gf0i0d0m0_sh0i0s0m0_svrdeflif30000simlen500000_seed275986375.log  |  tee  ../hl20190121/SERVERDEFLIFE/ext/doc50cop5shlf1lif10000_af10000s1tTOTAL_gf0i0d0m0_sh0i0s0m0_svrdeflif30000simlen500000_seed275986375.ext)
20190121_232033.411  timestamp docsize shelfsize copies lifem simlength seed lost docstotal docsokay docsrepairedmajority docsrepairedminority docslost auditcycles auditfrequency auditsegments audittype auditrepairs auditmajority auditminority auditlost glitchfreq glitchimpact glitchdecay glitchmaxlife nglitches serverdefaultlife shockfreq shockimpact shockmaxlife shockspan shocktype nshocks nshockdeaths deadserversactive deadserversall walltime cputime logfilename logfilesize instructionfilename todaysdatetime extractorversion cpuinfo mongoid
                     20190121_232022 50 1 5 10000 500000 275986375 nolinefound nolinefound nolinefound nolinefound nolinefound nolinefound nolinefound nolinefound nolinefound TOTAL nolinefound nolinefound nolinefound nolinefound 0 0 0 0 nolinefound 30000 0 0 0 0 2 nolinefound nolinefound nolinefound nolinefound nolinefound nolinefound ../hl20190121/SERVERDEFLIFE/log/doc50cop5shlf1lif10000_af10000s1tTOTAL_gf0i0d0m0_sh0i0s0m0_svrdeflif30000simlen500000_seed275986375.log 37098 hl-extractinstructions.txt 20190121_232033 0.6_20170522 GenuineIntel_fam6mod62step4cor8spd2800.084 6e8170d8a3a02a3ce80bff7a010e0ff01798e27c_1965
-------------------
20190121_232033.412  $ date +%Y%m%d_%H%M%S.%3N
20190121_232033.415  20190121_232033.415
-------------------
20190121_232033.416  $ (export TRACE_LEVEL=0; export TRACE_PRODUCTION=YES; unset TRACE_FACIL; unset TRACE_TARGET; python2 datacleanup.py inprogress done ../hl20190121/SERVERDEFLIFE/ext/doc50cop5shlf1lif10000_af10000s1tTOTAL_gf0i0d0m0_sh0i0s0m0_svrdeflif30000simlen500000_seed275986375.ext ../hl20190121/SERVERDEFLIFE/dat/GiantOutput_00.txt  --separator=' ' --donotdelete=N)
20190121_232033.997  20190121_232033.482 0 DCLN  datacleanup Begin.
                     20190121_232033.486 0 DCLN  proc looking for done recd|6e8170d8a3a02a3ce80bff7a010e0ff01798e27c_1965|
                     20190121_232033.517 0 DCLN  proc line appended to output 
                     sLineOut|20190121_232022 50 1 5 10000 500000 275986375 nolinefound nolinefound nolinefound nolinefound nolinefound nolinefound nolinefound nolinefound nolinefound TOTAL nolinefound nolinefound nolinefound nolinefound 0 0 0 0 nolinefound 30000 0 0 0 0 2 nolinefound nolinefound nolinefound nolinefound nolinefound nolinefound ../hl20190121/SERVERDEFLIFE/log/doc50cop5shlf1lif10000_af10000s1tTOTAL_gf0i0d0m0_sh0i0s0m0_svrdeflif30000simlen500000_seed275986375.log 37098 hl-extractinstructions.txt 20190121_232033 0.6_20170522 GenuineIntel_fam6mod62step4cor8spd2800.084 6e8170d8a3a02a3ce80bff7a010e0ff01798e27c_1965|
                     20190121_232033.521 0 DCLN  datacleanup End.
-------------------
20190121_232033.997  $ date +%Y%m%d_%H%M%S.%3N
20190121_232034.003  20190121_232034.002
